[2026-01-10 17:09:29.432] [warning] Invalid vid_pid: "MV-CS016-10UC"
[2026-01-10 17:09:29.433] [info] HikRobot's daemon thread started.
[2026-01-10 17:09:29.433] [debug] -----BuffDetection环境配置中-----
[2026-01-10 17:09:30.653] [info] HikRobot's capture thread started.
[2026-01-10 17:09:30.663] [debug] -----preprocess_imgs-----
[2026-01-10 17:09:30.974] [debug] -----preprocess_imgs-----
[2026-01-10 17:09:31.009] [debug] -----preprocess_imgs-----
[2026-01-10 17:09:31.211] [debug] -----preprocess_imgs-----
[2026-01-10 17:09:31.272] [debug] -----preprocess_imgs-----
[2026-01-10 17:09:31.411] [debug] -----preprocess_imgs-----
[2026-01-10 17:09:31.561] [debug] -----preprocess_imgs-----
[2026-01-10 17:09:31.717] [debug] -----preprocess_imgs-----
[2026-01-10 17:09:31.872] [debug] -----preprocess_imgs-----
[2026-01-10 17:09:32.028] [debug] -----preprocess_imgs-----
[2026-01-10 17:09:32.184] [debug] -----preprocess_imgs-----
[2026-01-10 17:09:32.338] [debug] -----preprocess_imgs-----
[2026-01-10 17:09:32.496] [debug] -----preprocess_imgs-----
[2026-01-10 17:09:32.648] [debug] -----preprocess_imgs-----
[2026-01-10 17:09:32.795] [debug] -----preprocess_imgs-----
[2026-01-10 17:09:32.949] [debug] -----preprocess_imgs-----
[2026-01-10 17:09:33.098] [debug] -----preprocess_imgs-----
[2026-01-10 17:09:33.251] [debug] -----preprocess_imgs-----
[2026-01-10 17:09:33.397] [debug] -----preprocess_imgs-----
[2026-01-10 17:09:33.552] [debug] -----preprocess_imgs-----
[2026-01-10 17:09:33.700] [debug] -----preprocess_imgs-----
[2026-01-10 17:09:33.846] [debug] -----preprocess_imgs-----
[2026-01-10 17:09:33.996] [debug] -----preprocess_imgs-----
[2026-01-10 17:09:34.153] [debug] -----preprocess_imgs-----
[2026-01-10 17:09:34.304] [debug] -----preprocess_imgs-----
[2026-01-10 17:09:34.454] [debug] -----preprocess_imgs-----
[2026-01-10 17:09:34.603] [debug] -----preprocess_imgs-----
[2026-01-10 17:09:34.753] [debug] -----preprocess_imgs-----
[2026-01-10 17:09:34.904] [debug] -----preprocess_imgs-----
[2026-01-10 17:09:35.050] [debug] -----preprocess_imgs-----
[2026-01-10 17:09:35.201] [debug] -----preprocess_imgs-----
[2026-01-10 17:09:35.351] [debug] -----preprocess_imgs-----
[2026-01-10 17:09:35.511] [debug] -----preprocess_imgs-----
[2026-01-10 17:09:35.669] [debug] -----preprocess_imgs-----
[2026-01-10 17:09:35.821] [debug] -----preprocess_imgs-----
[2026-01-10 17:09:35.973] [debug] -----preprocess_imgs-----
[2026-01-10 17:09:36.131] [debug] -----preprocess_imgs-----
[2026-01-10 17:09:36.285] [debug] -----preprocess_imgs-----
[2026-01-10 17:09:36.435] [debug] -----preprocess_imgs-----
[2026-01-10 17:09:36.584] [debug] -----preprocess_imgs-----
[2026-01-10 17:09:36.735] [debug] -----preprocess_imgs-----
[2026-01-10 17:09:36.884] [debug] -----preprocess_imgs-----
[2026-01-10 17:09:37.040] [debug] -----preprocess_imgs-----
[2026-01-10 17:09:37.192] [debug] -----preprocess_imgs-----
[2026-01-10 17:09:37.347] [debug] -----preprocess_imgs-----
[2026-01-10 17:09:37.503] [debug] -----preprocess_imgs-----
[2026-01-10 17:09:37.651] [debug] -----preprocess_imgs-----
[2026-01-10 17:09:37.800] [debug] -----preprocess_imgs-----
[2026-01-10 17:09:37.950] [debug] -----preprocess_imgs-----
[2026-01-10 17:09:38.096] [debug] -----preprocess_imgs-----
[2026-01-10 17:09:38.247] [debug] -----preprocess_imgs-----
[2026-01-10 17:09:38.397] [debug] -----preprocess_imgs-----
[2026-01-10 17:09:38.556] [debug] -----preprocess_imgs-----
[2026-01-10 17:09:38.708] [debug] -----preprocess_imgs-----
[2026-01-10 17:09:38.858] [debug] -----preprocess_imgs-----
[2026-01-10 17:09:39.013] [debug] -----preprocess_imgs-----
[2026-01-10 17:09:39.168] [debug] -----preprocess_imgs-----
[2026-01-10 17:09:39.320] [debug] -----preprocess_imgs-----
[2026-01-10 17:09:39.471] [debug] -----preprocess_imgs-----
[2026-01-10 17:09:39.621] [debug] -----preprocess_imgs-----
[2026-01-10 17:09:39.772] [debug] -----preprocess_imgs-----
[2026-01-10 17:09:39.921] [debug] -----preprocess_imgs-----
[2026-01-10 17:09:40.070] [debug] -----preprocess_imgs-----
[2026-01-10 17:09:40.219] [debug] -----preprocess_imgs-----
[2026-01-10 17:09:40.370] [debug] -----preprocess_imgs-----
[2026-01-10 17:09:40.519] [debug] -----preprocess_imgs-----
[2026-01-10 17:09:40.668] [debug] -----preprocess_imgs-----
[2026-01-10 17:09:40.817] [debug] -----preprocess_imgs-----
[2026-01-10 17:09:40.964] [debug] -----preprocess_imgs-----
[2026-01-10 17:09:41.112] [debug] -----preprocess_imgs-----
[2026-01-10 17:09:41.266] [debug] -----preprocess_imgs-----
[2026-01-10 17:09:41.412] [debug] -----preprocess_imgs-----
[2026-01-10 17:09:41.566] [debug] -----preprocess_imgs-----
[2026-01-10 17:09:41.713] [debug] -----preprocess_imgs-----
[2026-01-10 17:09:41.869] [debug] -----preprocess_imgs-----
[2026-01-10 17:09:42.020] [debug] -----preprocess_imgs-----
[2026-01-10 17:09:42.171] [debug] -----preprocess_imgs-----
[2026-01-10 17:09:42.321] [debug] -----preprocess_imgs-----
[2026-01-10 17:09:42.471] [debug] -----preprocess_imgs-----
[2026-01-10 17:09:42.619] [debug] -----preprocess_imgs-----
[2026-01-10 17:09:42.770] [debug] -----preprocess_imgs-----
[2026-01-10 17:09:42.922] [debug] -----preprocess_imgs-----
[2026-01-10 17:09:43.072] [debug] -----preprocess_imgs-----
[2026-01-10 17:09:43.221] [debug] -----preprocess_imgs-----
[2026-01-10 17:09:43.369] [debug] -----preprocess_imgs-----
[2026-01-10 17:09:43.534] [debug] -----preprocess_imgs-----
[2026-01-10 17:09:43.695] [debug] -----preprocess_imgs-----
[2026-01-10 17:09:43.850] [debug] -----preprocess_imgs-----
[2026-01-10 17:09:43.954] [debug] -----preprocess_imgs-----
[2026-01-10 17:09:44.057] [debug] -----preprocess_imgs-----
[2026-01-10 17:09:44.161] [debug] -----preprocess_imgs-----
[2026-01-10 17:09:44.267] [debug] -----preprocess_imgs-----
[2026-01-10 17:09:44.370] [debug] -----preprocess_imgs-----
[2026-01-10 17:09:44.492] [debug] -----preprocess_imgs-----
[2026-01-10 17:09:44.594] [debug] -----preprocess_imgs-----
[2026-01-10 17:09:44.696] [debug] -----preprocess_imgs-----
[2026-01-10 17:09:44.796] [debug] -----preprocess_imgs-----
[2026-01-10 17:09:44.896] [debug] -----preprocess_imgs-----
[2026-01-10 17:09:44.999] [debug] -----preprocess_imgs-----
[2026-01-10 17:09:45.099] [debug] -----preprocess_imgs-----
[2026-01-10 17:09:45.202] [debug] -----preprocess_imgs-----
[2026-01-10 17:09:45.310] [debug] -----preprocess_imgs-----
[2026-01-10 17:09:45.412] [debug] -----preprocess_imgs-----
[2026-01-10 17:09:45.526] [debug] -----preprocess_imgs-----
[2026-01-10 17:09:45.630] [debug] -----preprocess_imgs-----
[2026-01-10 17:09:45.742] [debug] -----preprocess_imgs-----
[2026-01-10 17:09:45.846] [debug] -----preprocess_imgs-----
[2026-01-10 17:09:45.960] [debug] -----preprocess_imgs-----
[2026-01-10 17:09:46.065] [debug] -----preprocess_imgs-----
[2026-01-10 17:09:46.168] [debug] -----preprocess_imgs-----
[2026-01-10 17:09:46.277] [debug] -----preprocess_imgs-----
[2026-01-10 17:09:46.382] [debug] -----preprocess_imgs-----
[2026-01-10 17:09:46.487] [debug] -----preprocess_imgs-----
[2026-01-10 17:09:46.590] [debug] -----preprocess_imgs-----
[2026-01-10 17:09:46.703] [debug] -----preprocess_imgs-----
[2026-01-10 17:09:46.812] [debug] -----preprocess_imgs-----
[2026-01-10 17:09:46.915] [debug] -----preprocess_imgs-----
[2026-01-10 17:09:47.019] [debug] -----preprocess_imgs-----
[2026-01-10 17:09:47.130] [debug] -----preprocess_imgs-----
[2026-01-10 17:09:47.243] [debug] -----preprocess_imgs-----
[2026-01-10 17:09:47.347] [debug] -----preprocess_imgs-----
[2026-01-10 17:09:47.452] [debug] -----preprocess_imgs-----
[2026-01-10 17:09:47.561] [debug] -----preprocess_imgs-----
[2026-01-10 17:09:47.667] [debug] -----preprocess_imgs-----
[2026-01-10 17:09:47.771] [debug] -----preprocess_imgs-----
[2026-01-10 17:09:47.875] [debug] -----preprocess_imgs-----
[2026-01-10 17:09:47.979] [debug] -----preprocess_imgs-----
[2026-01-10 17:09:48.084] [debug] -----preprocess_imgs-----
[2026-01-10 17:09:48.184] [debug] -----preprocess_imgs-----
[2026-01-10 17:09:48.286] [debug] -----preprocess_imgs-----
[2026-01-10 17:09:48.390] [debug] -----preprocess_imgs-----
[2026-01-10 17:09:48.495] [debug] -----preprocess_imgs-----
[2026-01-10 17:09:48.610] [debug] -----preprocess_imgs-----
[2026-01-10 17:09:48.712] [debug] -----preprocess_imgs-----
[2026-01-10 17:09:48.813] [debug] -----preprocess_imgs-----
[2026-01-10 17:09:48.918] [debug] -----preprocess_imgs-----
[2026-01-10 17:09:49.019] [debug] -----preprocess_imgs-----
[2026-01-10 17:09:49.120] [debug] -----preprocess_imgs-----
[2026-01-10 17:09:49.221] [debug] -----preprocess_imgs-----
[2026-01-10 17:09:49.327] [debug] -----preprocess_imgs-----
[2026-01-10 17:09:49.429] [debug] -----preprocess_imgs-----
[2026-01-10 17:09:49.535] [debug] -----preprocess_imgs-----
[2026-01-10 17:09:49.644] [debug] -----preprocess_imgs-----
[2026-01-10 17:09:49.748] [debug] -----preprocess_imgs-----
[2026-01-10 17:09:49.866] [debug] -----preprocess_imgs-----
[2026-01-10 17:09:49.979] [debug] -----preprocess_imgs-----
[2026-01-10 17:09:50.087] [debug] -----preprocess_imgs-----
[2026-01-10 17:09:50.197] [debug] -----preprocess_imgs-----
[2026-01-10 17:09:50.254] [debug] -----preprocess_imgs-----
[2026-01-10 17:09:50.309] [debug] -----preprocess_imgs-----
[2026-01-10 17:09:50.364] [debug] -----preprocess_imgs-----
[2026-01-10 17:09:50.423] [debug] -----preprocess_imgs-----
[2026-01-10 17:09:50.478] [debug] -----preprocess_imgs-----
[2026-01-10 17:09:50.539] [debug] -----preprocess_imgs-----
[2026-01-10 17:09:50.595] [debug] -----preprocess_imgs-----
[2026-01-10 17:09:50.656] [debug] -----preprocess_imgs-----
[2026-01-10 17:09:50.711] [debug] -----preprocess_imgs-----
[2026-01-10 17:09:50.775] [debug] -----preprocess_imgs-----
[2026-01-10 17:09:50.829] [debug] -----preprocess_imgs-----
[2026-01-10 17:09:50.896] [debug] -----preprocess_imgs-----
[2026-01-10 17:09:50.953] [debug] -----preprocess_imgs-----
[2026-01-10 17:09:51.019] [debug] -----preprocess_imgs-----
[2026-01-10 17:09:51.080] [debug] -----preprocess_imgs-----
[2026-01-10 17:09:51.134] [debug] -----preprocess_imgs-----
[2026-01-10 17:09:51.198] [debug] -----preprocess_imgs-----
[2026-01-10 17:09:51.252] [debug] -----preprocess_imgs-----
[2026-01-10 17:09:51.308] [debug] -----preprocess_imgs-----
[2026-01-10 17:09:51.364] [debug] -----preprocess_imgs-----
[2026-01-10 17:09:51.419] [debug] -----preprocess_imgs-----
[2026-01-10 17:09:51.485] [debug] -----preprocess_imgs-----
[2026-01-10 17:09:51.540] [debug] -----preprocess_imgs-----
[2026-01-10 17:09:51.593] [debug] -----preprocess_imgs-----
[2026-01-10 17:09:51.647] [debug] -----preprocess_imgs-----
[2026-01-10 17:09:51.700] [debug] -----preprocess_imgs-----
[2026-01-10 17:09:51.755] [debug] -----preprocess_imgs-----
[2026-01-10 17:09:51.807] [debug] -----preprocess_imgs-----
[2026-01-10 17:09:51.860] [debug] -----preprocess_imgs-----
[2026-01-10 17:09:51.933] [debug] -----preprocess_imgs-----
[2026-01-10 17:09:51.988] [debug] -----preprocess_imgs-----
[2026-01-10 17:09:52.041] [debug] -----preprocess_imgs-----
[2026-01-10 17:09:52.099] [debug] -----preprocess_imgs-----
[2026-01-10 17:09:52.157] [debug] -----preprocess_imgs-----
[2026-01-10 17:09:52.216] [debug] -----preprocess_imgs-----
[2026-01-10 17:09:52.284] [debug] -----preprocess_imgs-----
[2026-01-10 17:09:52.349] [debug] -----preprocess_imgs-----
[2026-01-10 17:09:52.417] [debug] -----preprocess_imgs-----
[2026-01-10 17:09:52.481] [debug] -----preprocess_imgs-----
[2026-01-10 17:09:52.536] [debug] -----preprocess_imgs-----
[2026-01-10 17:09:52.590] [debug] -----preprocess_imgs-----
[2026-01-10 17:09:52.645] [debug] -----preprocess_imgs-----
[2026-01-10 17:09:52.707] [debug] -----preprocess_imgs-----
[2026-01-10 17:09:52.761] [debug] -----preprocess_imgs-----
[2026-01-10 17:09:52.824] [debug] -----preprocess_imgs-----
[2026-01-10 17:09:52.880] [debug] -----preprocess_imgs-----
[2026-01-10 17:09:52.935] [debug] -----preprocess_imgs-----
[2026-01-10 17:09:52.992] [debug] -----preprocess_imgs-----
[2026-01-10 17:09:53.048] [debug] -----preprocess_imgs-----
[2026-01-10 17:09:53.116] [debug] -----preprocess_imgs-----
[2026-01-10 17:09:53.184] [debug] -----preprocess_imgs-----
[2026-01-10 17:09:53.240] [debug] -----preprocess_imgs-----
[2026-01-10 17:09:53.299] [debug] -----preprocess_imgs-----
[2026-01-10 17:09:53.355] [debug] -----preprocess_imgs-----
[2026-01-10 17:09:53.417] [debug] -----preprocess_imgs-----
[2026-01-10 17:09:53.485] [debug] -----preprocess_imgs-----
[2026-01-10 17:09:53.540] [debug] -----preprocess_imgs-----
[2026-01-10 17:09:53.601] [debug] -----preprocess_imgs-----
[2026-01-10 17:09:53.654] [debug] -----preprocess_imgs-----
[2026-01-10 17:09:53.717] [debug] -----preprocess_imgs-----
[2026-01-10 17:09:53.782] [debug] -----preprocess_imgs-----
[2026-01-10 17:09:53.851] [debug] -----preprocess_imgs-----
[2026-01-10 17:09:53.904] [debug] -----preprocess_imgs-----
[2026-01-10 17:09:53.984] [debug] -----preprocess_imgs-----
[2026-01-10 17:09:54.039] [debug] -----preprocess_imgs-----
[2026-01-10 17:09:54.100] [debug] -----preprocess_imgs-----
[2026-01-10 17:09:54.151] [debug] -----preprocess_imgs-----
[2026-01-10 17:09:54.206] [debug] -----preprocess_imgs-----
[2026-01-10 17:09:54.258] [debug] -----preprocess_imgs-----
[2026-01-10 17:09:54.310] [debug] -----preprocess_imgs-----
[2026-01-10 17:09:54.363] [debug] -----preprocess_imgs-----
[2026-01-10 17:09:54.417] [debug] -----preprocess_imgs-----
[2026-01-10 17:09:54.470] [debug] -----preprocess_imgs-----
[2026-01-10 17:09:54.533] [debug] -----preprocess_imgs-----
[2026-01-10 17:09:54.586] [debug] -----preprocess_imgs-----
[2026-01-10 17:09:54.653] [debug] -----preprocess_imgs-----
[2026-01-10 17:09:54.717] [debug] -----preprocess_imgs-----
[2026-01-10 17:09:54.781] [debug] -----preprocess_imgs-----
[2026-01-10 17:09:54.848] [debug] -----preprocess_imgs-----
[2026-01-10 17:09:54.907] [debug] -----preprocess_imgs-----
[2026-01-10 17:09:54.966] [debug] -----preprocess_imgs-----
[2026-01-10 17:09:55.020] [debug] -----preprocess_imgs-----
[2026-01-10 17:09:55.076] [debug] -----preprocess_imgs-----
[2026-01-10 17:09:55.134] [debug] -----preprocess_imgs-----
[2026-01-10 17:09:55.201] [debug] -----preprocess_imgs-----
[2026-01-10 17:09:55.268] [debug] -----preprocess_imgs-----
[2026-01-10 17:09:55.334] [debug] -----preprocess_imgs-----
[2026-01-10 17:09:55.401] [debug] -----preprocess_imgs-----
[2026-01-10 17:09:55.467] [debug] -----preprocess_imgs-----
[2026-01-10 17:09:55.524] [debug] -----preprocess_imgs-----
[2026-01-10 17:09:55.585] [debug] -----preprocess_imgs-----
[2026-01-10 17:09:55.650] [debug] -----preprocess_imgs-----
[2026-01-10 17:09:55.716] [debug] -----preprocess_imgs-----
[2026-01-10 17:09:55.774] [debug] -----preprocess_imgs-----
[2026-01-10 17:09:55.835] [debug] -----preprocess_imgs-----
[2026-01-10 17:09:55.903] [debug] -----preprocess_imgs-----
[2026-01-10 17:09:55.967] [debug] -----preprocess_imgs-----
[2026-01-10 17:09:56.034] [debug] -----preprocess_imgs-----
[2026-01-10 17:09:56.099] [debug] -----preprocess_imgs-----
[2026-01-10 17:09:56.166] [debug] -----preprocess_imgs-----
[2026-01-10 17:09:56.235] [debug] -----preprocess_imgs-----
[2026-01-10 17:09:56.300] [debug] -----preprocess_imgs-----
[2026-01-10 17:09:56.368] [debug] -----preprocess_imgs-----
[2026-01-10 17:09:56.423] [debug] -----preprocess_imgs-----
[2026-01-10 17:09:56.486] [debug] -----preprocess_imgs-----
[2026-01-10 17:09:56.550] [debug] -----preprocess_imgs-----
[2026-01-10 17:09:56.617] [debug] -----preprocess_imgs-----
[2026-01-10 17:09:56.683] [debug] -----preprocess_imgs-----
[2026-01-10 17:09:56.749] [debug] -----preprocess_imgs-----
[2026-01-10 17:09:56.816] [debug] -----preprocess_imgs-----
[2026-01-10 17:09:56.882] [debug] -----preprocess_imgs-----
[2026-01-10 17:09:56.949] [debug] -----preprocess_imgs-----
[2026-01-10 17:09:57.015] [debug] -----preprocess_imgs-----
[2026-01-10 17:09:57.083] [debug] -----preprocess_imgs-----
[2026-01-10 17:09:57.151] [debug] -----preprocess_imgs-----
[2026-01-10 17:09:57.217] [debug] -----preprocess_imgs-----
[2026-01-10 17:09:57.285] [debug] -----preprocess_imgs-----
[2026-01-10 17:09:57.341] [debug] -----preprocess_imgs-----
[2026-01-10 17:09:57.402] [debug] -----preprocess_imgs-----
[2026-01-10 17:09:57.469] [debug] -----preprocess_imgs-----
[2026-01-10 17:09:57.534] [debug] -----preprocess_imgs-----
[2026-01-10 17:09:57.601] [debug] -----preprocess_imgs-----
[2026-01-10 17:09:57.669] [debug] -----preprocess_imgs-----
[2026-01-10 17:09:57.736] [debug] -----preprocess_imgs-----
[2026-01-10 17:09:57.800] [debug] -----preprocess_imgs-----
[202