[2026-01-10 17:20:26.517] [warning] Invalid vid_pid: "MV-CS016-10UC"
[2026-01-10 17:20:26.518] [debug] -----BuffDetection环境配置中-----
[2026-01-10 17:20:26.518] [info] HikRobot's daemon thread started.
[2026-01-10 17:20:27.731] [info] HikRobot's capture thread started.
[2026-01-10 17:20:27.741] [debug] -----preprocess_imgs-----
[2026-01-10 17:20:28.077] [debug] -----preprocess_imgs-----
[2026-01-10 17:20:28.111] [debug] -----preprocess_imgs-----
[2026-01-10 17:20:28.145] [debug] -----preprocess_imgs-----
[2026-01-10 17:20:28.182] [debug] -----preprocess_imgs-----
[2026-01-10 17:20:28.381] [debug] -----preprocess_imgs-----
[2026-01-10 17:20:28.442] [debug] -----preprocess_imgs-----
[2026-01-10 17:20:28.586] [debug] -----preprocess_imgs-----
[2026-01-10 17:20:28.743] [debug] -----preprocess_imgs-----
[2026-01-10 17:20:28.899] [debug] -----preprocess_imgs-----
[2026-01-10 17:20:29.065] [debug] -----preprocess_imgs-----
[2026-01-10 17:20:29.221] [debug] -----preprocess_imgs-----
[2026-01-10 17:20:29.381] [debug] -----preprocess_imgs-----
[2026-01-10 17:20:29.533] [debug] -----preprocess_imgs-----
[2026-01-10 17:20:29.695] [debug] -----preprocess_imgs-----
[2026-01-10 17:20:29.843] [debug] -----preprocess_imgs-----
[2026-01-10 17:20:29.989] [debug] -----preprocess_imgs-----
[2026-01-10 17:20:30.136] [debug] -----preprocess_imgs-----
[2026-01-10 17:20:30.285] [debug] -----preprocess_imgs-----
[2026-01-10 17:20:30.442] [debug] -----preprocess_imgs-----
[2026-01-10 17:20:30.592] [debug] -----preprocess_imgs-----
[2026-01-10 17:20:30.742] [debug] -----preprocess_imgs-----
[2026-01-10 17:20:30.892] [debug] -----preprocess_imgs-----
[2026-01-10 17:20:31.043] [debug] -----preprocess_imgs-----
[2026-01-10 17:20:31.192] [debug] -----preprocess_imgs-----
[2026-01-10 17:20:31.344] [debug] -----preprocess_imgs-----
[2026-01-10 17:20:31.494] [debug] -----preprocess_imgs-----
[2026-01-10 17:20:31.642] [debug] -----preprocess_imgs-----
[2026-01-10 17:20:31.788] [debug] -----preprocess_imgs-----
[2026-01-10 17:20:31.937] [debug] -----preprocess_imgs-----
[2026-01-10 17:20:32.087] [debug] -----preprocess_imgs-----
[2026-01-10 17:20:32.236] [debug] -----preprocess_imgs-----
[2026-01-10 17:20:32.386] [debug] -----preprocess_imgs-----
[2026-01-10 17:20:32.535] [debug] -----preprocess_imgs-----
[2026-01-10 17:20:32.684] [debug] -----preprocess_imgs-----
[2026-01-10 17:20:32.844] [debug] -----preprocess_imgs-----
[2026-01-10 17:20:32.995] [debug] -----preprocess_imgs-----
[2026-01-10 17:20:33.144] [debug] -----preprocess_imgs-----
[2026-01-10 17:20:33.295] [debug] -----preprocess_imgs-----
[2026-01-10 17:20:33.452] [debug] -----preprocess_imgs-----
[2026-01-10 17:20:33.604] [debug] -----preprocess_imgs-----
[2026-01-10 17:20:33.755] [debug] -----preprocess_imgs-----
[2026-01-10 17:20:33.904] [debug] -----preprocess_imgs-----
[2026-01-10 17:20:34.050] [debug] -----preprocess_imgs-----
[2026-01-10 17:20:34.201] [debug] -----preprocess_imgs-----
[2026-01-10 17:20:34.352] [debug] -----preprocess_imgs-----
[2026-01-10 17:20:34.504] [debug] -----preprocess_imgs-----
[2026-01-10 17:20:34.653] [debug] -----preprocess_imgs-----
[2026-01-10 17:20:34.800] [debug] -----preprocess_imgs-----
[2026-01-10 17:20:34.951] [debug] -----preprocess_imgs-----
[2026-01-10 17:20:35.101] [debug] -----preprocess_imgs-----
[2026-01-10 17:20:35.250] [debug] -----preprocess_imgs-----
[2026-01-10 17:20:35.398] [debug] -----preprocess_imgs-----
[2026-01-10 17:20:35.551] [debug] -----preprocess_imgs-----
[2026-01-10 17:20:35.703] [debug] -----preprocess_imgs-----
[2026-01-10 17:20:35.863] [debug] -----preprocess_imgs-----
[2026-01-10 17:20:36.019] [debug] -----preprocess_imgs-----
[2026-01-10 17:20:36.190] [debug] -----preprocess_imgs-----
[2026-01-10 17:20:36.343] [debug] -----preprocess_imgs-----
[2026-01-10 17:20:36.491] [debug] -----preprocess_imgs-----
[2026-01-10 17:20:36.646] [debug] -----preprocess_imgs-----
[2026-01-10 17:20:36.797] [debug] -----preprocess_imgs-----
[2026-01-10 17:20:36.945] [debug] -----preprocess_imgs-----
[2026-01-10 17:20:37.095] [debug] -----preprocess_imgs-----
[2026-01-10 17:20:37.242] [debug] -----preprocess_imgs-----
[2026-01-10 17:20:37.390] [debug] -----preprocess_imgs-----
[2026-01-10 17:20:37.537] [debug] -----preprocess_imgs-----
[2026-01-10 17:20:37.685] [debug] -----preprocess_imgs-----
[2026-01-10 17:20:37.836] [debug] -----preprocess_imgs-----
[2026-01-10 17:20:37.988] [debug] -----preprocess_imgs-----
[2026-01-10 17:20:38.140] [debug] -----preprocess_imgs-----
[2026-01-10 17:20:38.292] [debug] -----preprocess_imgs-----
[2026-01-10 17:20:38.441] [debug] -----preprocess_imgs-----
[2026-01-10 17:20:38.591] [debug] -----preprocess_imgs-----
[2026-01-10 17:20:38.743] [debug] -----preprocess_imgs-----
[2026-01-10 17:20:38.910] [debug] -----preprocess_imgs-----
[2026-01-10 17:20:39.068] [debug] -----preprocess_imgs-----
[2026-01-10 17:20:39.224] [debug] -----preprocess_imgs-----
[2026-01-10 17:20:39.328] [debug] -----preprocess_imgs-----
[2026-01-10 17:20:39.431] [debug] -----preprocess_imgs-----
[2026-01-10 17:20:39.534] [debug] -----preprocess_imgs-----
[2026-01-10 17:20:39.641] [debug] -----preprocess_imgs-----
[2026-01-10 17:20:39.744] [debug] -----preprocess_imgs-----
[2026-01-10 17:20:39.847] [debug] -----preprocess_imgs-----
[2026-01-10 17:20:39.951] [debug] -----preprocess_imgs-----
[2026-01-10 17:20:40.059] [debug] -----preprocess_imgs-----
[2026-01-10 17:20:40.162] [debug] -----preprocess_imgs-----
[2026-01-10 17:20:40.267] [debug] -----preprocess_imgs-----
[2026-01-10 17:20:40.369] [debug] -----preprocess_imgs-----
[2026-01-10 17:20:40.470] [debug] -----preprocess_imgs-----
[2026-01-10 17:20:40.573] [debug] -----preprocess_imgs-----
[2026-01-10 17:20:40.678] [debug] -----preprocess_imgs-----
[2026-01-10 17:20:40.784] [debug] -----preprocess_imgs-----
[2026-01-10 17:20:40.889] [debug] -----preprocess_imgs-----
[2026-01-10 17:20:40.992] [debug] -----preprocess_imgs-----
[2026-01-10 17:20:41.094] [debug] -----preprocess_imgs-----
[2026-01-10 17:20:41.197] [debug] -----preprocess_imgs-----
[2026-01-10 17:20:41.302] [debug] -----preprocess_imgs-----
[2026-01-10 17:20:41.410] [debug] -----preprocess_imgs-----
[2026-01-10 17:20:41.513] [debug] -----preprocess_imgs-----
[2026-01-10 17:20:41.618] [debug] -----preprocess_imgs-----
[2026-01-10 17:20:41.727] [debug] -----preprocess_imgs-----
[2026-01-10 17:20:41.849] [debug] -----preprocess_imgs-----
[2026-01-10 17:20:41.956] [debug] -----preprocess_imgs-----
[2026-01-10 17:20:42.060] [debug] -----preprocess_imgs-----
[2026-01-10 17:20:42.165] [debug] -----preprocess_imgs-----
[2026-01-10 17:20:42.272] [debug] -----preprocess_imgs-----
[2026-01-10 17:20:42.374] [debug] -----preprocess_imgs-----
[2026-01-10 17:20:42.485] [debug] -----preprocess_imgs-----
[2026-01-10 17:20:42.589] [debug] -----preprocess_imgs-----
[2026-01-10 17:20:42.702] [debug] -----preprocess_imgs-----
[2026-01-10 17:20:42.817] [debug] -----preprocess_imgs-----
[2026-01-10 17:20:42.931] [debug] -----preprocess_imgs-----
[2026-01-10 17:20:43.042] [debug] -----preprocess_imgs-----
[2026-01-10 17:20:43.153] [debug] -----preprocess_imgs-----
[2026-01-10 17:20:43.260] [debug] -----preprocess_imgs-----
[2026-01-10 17:20:43.321] [debug] -----preprocess_imgs-----
[2026-01-10 17:20:43.380] [debug] -----preprocess_imgs-----
[2026-01-10 17:20:43.435] [debug] -----preprocess_imgs-----
[2026-01-10 17:20:43.496] [debug] -----preprocess_imgs-----
[2026-01-10 17:20:43.555] [debug] -----preprocess_imgs-----
[2026-01-10 17:20:43.621] [debug] -----preprocess_imgs-----
[2026-01-10 17:20:43.679] [debug] -----preprocess_imgs-----
[2026-01-10 17:20:43.734] [debug] -----preprocess_imgs-----
[2026-01-10 17:20:43.789] [debug] -----preprocess_imgs-----
[2026-01-10 17:20:43.854] [debug] -----preprocess_imgs-----
[2026-01-10 17:20:43.912] [debug] -----preprocess_imgs-----
[2026-01-10 17:20:43.964] [debug] -----preprocess_imgs-----
[2026-01-10 17:20:44.018] [debug] -----preprocess_imgs-----
[2026-01-10 17:20:44.073] [debug] -----preprocess_imgs-----
[2026-01-10 17:20:44.126] [debug] -----preprocess_imgs-----
[2026-01-10 17:20:44.180] [debug] -----preprocess_imgs-----
[2026-01-10 17:20:44.238] [debug] -----preprocess_imgs-----
[2026-01-10 17:20:44.293] [debug] -----preprocess_imgs-----
[2026-01-10 17:20:44.354] [debug] -----preprocess_imgs-----
[2026-01-10 17:20:44.411] [debug] -----preprocess_imgs-----
[2026-01-10 17:20:44.474] [debug] -----preprocess_imgs-----
[2026-01-10 17:20:44.544] [debug] -----preprocess_imgs-----
[2026-01-10 17:20:44.604] [debug] -----preprocess_imgs-----
[2026-01-10 17:20:44.660] [debug] -----preprocess_imgs-----
[2026-01-10 17:20:44.722] [debug] -----preprocess_imgs-----
[2026-01-10 17:20:44.777] [debug] -----preprocess_imgs-----
[2026-01-10 17:20:44.838] [debug] -----preprocess_imgs-----
[2026-01-10 17:20:44.893] [debug] -----preprocess_imgs-----
[2026-01-10 17:20:44.957] [debug] -----preprocess_imgs-----
[2026-01-10 17:20:45.011] [debug] -----preprocess_imgs-----
[2026-01-10 17:20:45.069] [debug] -----preprocess_imgs-----
[2026-01-10 17:20:45.124] [debug] -----preprocess_imgs-----
[2026-01-10 17:20:45.188] [debug] -----preprocess_imgs-----
[2026-01-10 17:20:45.252] [debug] -----preprocess_imgs-----
[2026-01-10 17:20:45.309] [debug] -----preprocess_imgs-----
[2026-01-10 17:20:45.362] [debug] -----preprocess_imgs-----
[2026-01-10 17:20:45.419] [debug] -----preprocess_imgs-----
[2026-01-10 17:20:45.475] [debug] -----preprocess_imgs-----
[2026-01-10 17:20:45.535] [debug] -----preprocess_imgs-----
[2026-01-10 17:20:45.590] [debug] -----preprocess_imgs-----
[2026-01-10 17:20:45.646] [debug] -----preprocess_imgs-----
[2026-01-10 17:20:45.710] [debug] -----preprocess_imgs-----
[2026-01-10 17:20:45.779] [debug] -----preprocess_imgs-----
[2026-01-10 17:20:45.838] [debug] -----preprocess_imgs-----
[2026-01-10 17:20:45.895] [debug] -----preprocess_imgs-----
[2026-01-10 17:20:45.954] [debug] -----preprocess_imgs-----
[2026-01-10 17:20:46.016] [debug] -----preprocess_imgs-----
[2026-01-10 17:20:46.070] [debug] -----preprocess_imgs-----
[2026-01-10 17:20:46.126] [debug] -----preprocess_imgs-----
[2026-01-10 17:20:46.187] [debug] -----preprocess_imgs-----
[2026-01-10 17:20:46.244] [debug] -----preprocess_imgs-----
[2026-01-10 17:20:46.304] [debug] -----preprocess_imgs-----
[2026-01-10 17:20:46.360] [debug] -----preprocess_imgs-----
[2026-01-10 17:20:46.422] [debug] -----preprocess_imgs-----
[2026-01-10 17:20:46.487] [debug] -----preprocess_imgs-----
[2026-01-10 17:20:46.544] [debug] -----preprocess_imgs-----
[2026-01-10 17:20:46.607] [debug] -----preprocess_imgs-----
[2026-01-10 17:20:46.664] [debug] -----preprocess_imgs-----
[2026-01-10 17:20:46.750] [debug] -----preprocess_imgs-----
[2026-01-10 17:20:46.823] [debug] -----preprocess_imgs-----
[2026-01-10 17:20:46.894] [debug] -----preprocess_imgs-----
[2026-01-10 17:20:46.959] [debug] -----preprocess_imgs-----
[2026-01-10 17:20:47.015] [debug] -----preprocess_imgs-----
[2026-01-10 17:20:47.081] [debug] -----preprocess_imgs-----
[2026-01-10 17:20:47.137] [debug] -----preprocess_imgs-----
[2026-01-10 17:20:47.171] [debug] -----preprocess_imgs-----
[2026-01-10 17:20:47.203] [debug] -----preprocess_imgs-----
[2026-01-10 17:20:47.236] [debug] -----preprocess_imgs-----
[2026-01-10 17:20:47.268] [debug] -----preprocess_imgs-----
[2026-01-10 17:20:47.300] [debug] -----preprocess_imgs-----
[2026-01-10 17:20:47.334] [debug] -----preprocess_imgs-----
[2026-01-10 17:20:47.367] [debug] -----preprocess_imgs-----
[2026-01-10 17:20:47.400] [debug] -----preprocess_imgs-----
[2026-01-10 17:20:47.433] [debug] -----preprocess_imgs-----
[2026-01-10 17:20:47.466] [debug] -----preprocess_imgs-----
[2026-01-10 17:20:47.499] [debug] -----preprocess_imgs-----
[2026-01-10 17:20:47.533] [debug] -----preprocess_imgs-----
[2026-01-10 17:20:47.567] [debug] -----preprocess_imgs-----
[2026-01-10 17:20:47.603] [debug] -----preprocess_imgs-----
[2026-01-10 17:20:47.635] [debug] -----preprocess_imgs-----
[2026-01-10 17:20:47.669] [debug] -----preprocess_imgs-----
[2026-01-10 17:20:47.701] [debug] -----preprocess_imgs-----
[2026-01-10 17:20:47.734] [debug] -----preprocess_imgs-----
[2026-01-10 17:20:47.767] [debug] -----preprocess_imgs-----
[2026-01-10 17:20:47.800] [debug] -----preprocess_imgs-----
[2026-01-10 17:20:47.833] [debug] -----preprocess_imgs-----
[2026-01-10 17:20:47.867] [debug] -----preprocess_imgs-----
[2026-01-10 17:20:47.900] [debug] -----preprocess_imgs-----
[2026-01-10 17:20:47.934] [debug] -----preprocess_imgs-----
[2026-01-10 17:20:47.968] [debug] -----preprocess_imgs-----
[2026-01-10 17:20:48.001] [debug] -----preprocess_imgs-----
[2026-01-10 17:20:48.034] [debug] -----preprocess_imgs-----
[2026-01-10 17:20:48.067] [debug] -----preprocess_imgs-----
[2026-01-10 17:20:48.100] [debug] -----preprocess_imgs-----
[2026-01-10 17:20:48.134] [debug] -----preprocess_imgs-----
[2026-01-10 17:20:48.167] [debug] -----preprocess_imgs-----
[2026-01-10 17:20:48.200] [debug] -----preprocess_imgs-----
[2026-01-10 17:20:48.234] [debug] -----preprocess_imgs-----
[2026-01-10 17:20:48.267] [debug] -----preprocess_imgs-----
[2026-01-10 17:20:48.300] [debug] -----preprocess_imgs-----
[2026-01-10 17:20:48.332] [debug] -----preprocess_imgs-----
[2026-01-10 17:20:48.365] [debug] -----preprocess_imgs-----
[2026-01-10 17:20:48.398] [debug] -----preprocess_imgs-----
[2026-01-10 17:20:48.431] [debug] -----preprocess_imgs-----
[2026-01-10 17:20:48.464] [debug] -----preprocess_imgs-----
[2026-01-10 17:20:48.497] [debug] -----preprocess_imgs-----
[2026-01-10 17:20:48.529] [debug] -----preprocess_imgs-----
[2026-01-10 17:20:48.562] [debug] -----preprocess_imgs-----
[2026-01-10 17:20:48.595] [debug] -----preprocess_imgs-----
[2026-01-10 17:20:48.627] [debug] -----preprocess_imgs-----
[2026-01-10 17:20:48.661] [debug] -----preprocess_imgs-----
[2026-01-10 17:20:48.694] [debug] -----preprocess_imgs-----
[2026-01-10 17:20:48.728] [debug] -----preprocess_imgs-----
[2026-01-10 17:20:48.761] [debug] -----preprocess_imgs-----
[2026-01-10 17:20:48.794] [debug] -----preprocess_imgs-----
[2026-01-10 17:20:48.828] [debug] -----preprocess_imgs-----
[2026-01-10 17:20:48.861] [debug] -----preprocess_imgs-----
[2026-01-10 17:20:48.894] [debug] -----preprocess_imgs-----
[2026-01-10 17:20:48.928] [debug] -----preprocess_imgs-----
[2026-01-10 17:20:48.961] [debug] -----preprocess_imgs-----
[2026-01-10 17:20:48.994] [debug] -----preprocess_imgs-----
[2026-01-10 17:20:49.028] [debug] -----preprocess_imgs-----
[2026-01-10 17:20:49.061] [debug] -----preprocess_imgs-----
[2026-01-10 17:20:49.094] [debug] -----preprocess_imgs-----
[2026-01-10 17:20:49.128] [debug] -----preprocess_imgs-----
[2026-01-10 17:20:49.161] [debug] -----preprocess_imgs-----
[2026-01-10 17:20:49.194] [debug] -----preprocess_imgs-----
[2026-01-10 17:20:49.228] [debug] -----preprocess_imgs-----
[2026-01-10 17:20:49.262] [debug] -----preprocess_imgs-----
[2026-01-10 17:20:49.294] [debug] -----preprocess_imgs-----
[2026-01-10 17:20:49.328] [debug] -----preprocess_imgs-----
[2026-01-10 17:20:49.361] [debug] -----preprocess_imgs-----
[2026-01-10 17:20:49.394] [debug] -----preprocess_imgs-----
[2026-01-10 17:20:49.428] [debug] -----preprocess_imgs-----
[2026-01-10 17:20:49.461] [debug] -----preprocess_imgs-----
[2026-01-10 17:20:49.494] [debug] -----preprocess_imgs-----
[2026-01-10 17:20:49.528] [debug] -----preprocess_imgs-----
[2026-01-10 17:20:49.561] [debug] -----preprocess_imgs-----
[2026-01-10 17:20:49.595] [debug] -----preprocess_imgs-----
[2026-01-10 17:20:49.628] [debug] -----preprocess_imgs-----
[2026-01-10 17:20:49.661] [debug] -----preprocess_imgs-----
[2026-01-10 17:20:49.694] [debug] -----preprocess_imgs-----
[2026-01-10 17:20:49.728] [debug] -----preprocess_imgs-----
[2026-01-10 17:20:49.761] [debug] -----preprocess_imgs-----
[2026-01-10 17:20:49.795] [debug] -----preprocess_imgs-----
[2026-01-10 17:20:49.828] [debug] -----preprocess_imgs-----
[2026-01-10 17:20:49.861] [debug] -----preprocess_imgs-----
[2026-01-10 17:20:49.895] [debug] -----preprocess_imgs-----
[2026-01-10 17:20:49.928] [debug] -----preprocess_imgs-----
[2026-01-10 17:20:49.961] [debug] -----preprocess_imgs-----
[2026-01-10 17:20:49.995] [debug] -----preprocess_imgs-----
[2026-01-10 17:20:50.028] [debug] -----preprocess_imgs-----
[2026-01-10 17:20:50.061] [debug] -----preprocess_imgs-----
[2026-01-10 17:20:50.094] [debug] -----preprocess_imgs-----
[2026-01-10 17:20:50.128] [debug] -----preprocess_imgs-----
[2026-01-10 17:20:50.161] [debug] -----preprocess_imgs-----
[2026-01-10 17:20:50.194] [debug] -----preprocess_imgs-----
[202