[2026-01-10 17:13:02.091] [warning] Invalid vid_pid: "MV-CS016-10UC"
[2026-01-10 17:13:02.092] [info] HikRobot's daemon thread started.
[2026-01-10 17:13:02.092] [debug] -----BuffDetection环境配置中-----
[2026-01-10 17:13:03.307] [info] HikRobot's capture thread started.
[2026-01-10 17:13:03.316] [debug] -----preprocess_imgs-----
[2026-01-10 17:13:03.618] [debug] -----preprocess_imgs-----
[2026-01-10 17:13:03.651] [debug] -----preprocess_imgs-----
[2026-01-10 17:13:03.686] [debug] -----preprocess_imgs-----
[2026-01-10 17:13:03.874] [debug] -----preprocess_imgs-----
[2026-01-10 17:13:03.936] [debug] -----preprocess_imgs-----
[2026-01-10 17:13:04.074] [debug] -----preprocess_imgs-----
[2026-01-10 17:13:04.226] [debug] -----preprocess_imgs-----
[2026-01-10 17:13:04.377] [debug] -----preprocess_imgs-----
[2026-01-10 17:13:04.529] [debug] -----preprocess_imgs-----
[2026-01-10 17:13:04.679] [debug] -----preprocess_imgs-----
[2026-01-10 17:13:04.833] [debug] -----preprocess_imgs-----
[2026-01-10 17:13:04.984] [debug] -----preprocess_imgs-----
[2026-01-10 17:13:05.136] [debug] -----preprocess_imgs-----
[2026-01-10 17:13:05.288] [debug] -----preprocess_imgs-----
[2026-01-10 17:13:05.448] [debug] -----preprocess_imgs-----
[2026-01-10 17:13:05.594] [debug] -----preprocess_imgs-----
[2026-01-10 17:13:05.743] [debug] -----preprocess_imgs-----
[2026-01-10 17:13:05.894] [debug] -----preprocess_imgs-----
[2026-01-10 17:13:06.043] [debug] -----preprocess_imgs-----
[2026-01-10 17:13:06.191] [debug] -----preprocess_imgs-----
[2026-01-10 17:13:06.347] [debug] -----preprocess_imgs-----
[2026-01-10 17:13:06.497] [debug] -----preprocess_imgs-----
[2026-01-10 17:13:06.647] [debug] -----preprocess_imgs-----
[2026-01-10 17:13:06.800] [debug] -----preprocess_imgs-----
[2026-01-10 17:13:06.950] [debug] -----preprocess_imgs-----
[2026-01-10 17:13:07.106] [debug] -----preprocess_imgs-----
[2026-01-10 17:13:07.253] [debug] -----preprocess_imgs-----
[2026-01-10 17:13:07.400] [debug] -----preprocess_imgs-----
[2026-01-10 17:13:07.548] [debug] -----preprocess_imgs-----
[2026-01-10 17:13:07.703] [debug] -----preprocess_imgs-----
[2026-01-10 17:13:07.853] [debug] -----preprocess_imgs-----
[2026-01-10 17:13:08.002] [debug] -----preprocess_imgs-----
[2026-01-10 17:13:08.149] [debug] -----preprocess_imgs-----
[2026-01-10 17:13:08.295] [debug] -----preprocess_imgs-----
[2026-01-10 17:13:08.441] [debug] -----preprocess_imgs-----
[2026-01-10 17:13:08.591] [debug] -----preprocess_imgs-----
[2026-01-10 17:13:08.743] [debug] -----preprocess_imgs-----
[2026-01-10 17:13:08.895] [debug] -----preprocess_imgs-----
[2026-01-10 17:13:09.045] [debug] -----preprocess_imgs-----
[2026-01-10 17:13:09.202] [debug] -----preprocess_imgs-----
[2026-01-10 17:13:09.354] [debug] -----preprocess_imgs-----
[2026-01-10 17:13:09.510] [debug] -----preprocess_imgs-----
[2026-01-10 17:13:09.681] [debug] -----preprocess_imgs-----
[2026-01-10 17:13:09.832] [debug] -----preprocess_imgs-----
[2026-01-10 17:13:09.981] [debug] -----preprocess_imgs-----
[2026-01-10 17:13:10.129] [debug] -----preprocess_imgs-----
[2026-01-10 17:13:10.276] [debug] -----preprocess_imgs-----
[2026-01-10 17:13:10.422] [debug] -----preprocess_imgs-----
[2026-01-10 17:13:10.574] [debug] -----preprocess_imgs-----
[2026-01-10 17:13:10.722] [debug] -----preprocess_imgs-----
[2026-01-10 17:13:10.875] [debug] -----preprocess_imgs-----
[2026-01-10 17:13:11.024] [debug] -----preprocess_imgs-----
[2026-01-10 17:13:11.176] [debug] -----preprocess_imgs-----
[2026-01-10 17:13:11.328] [debug] -----preprocess_imgs-----
[2026-01-10 17:13:11.495] [debug] -----preprocess_imgs-----
[2026-01-10 17:13:11.662] [debug] -----preprocess_imgs-----
[2026-01-10 17:13:11.818] [debug] -----preprocess_imgs-----
[2026-01-10 17:13:11.924] [debug] -----preprocess_imgs-----
[2026-01-10 17:13:12.027] [debug] -----preprocess_imgs-----
[2026-01-10 17:13:12.135] [debug] -----preprocess_imgs-----
[2026-01-10 17:13:12.238] [debug] -----preprocess_imgs-----
[2026-01-10 17:13:12.345] [debug] -----preprocess_imgs-----
[2026-01-10 17:13:12.445] [debug] -----preprocess_imgs-----
[2026-01-10 17:13:12.546] [debug] -----preprocess_imgs-----
[2026-01-10 17:13:12.648] [debug] -----preprocess_imgs-----
[2026-01-10 17:13:12.751] [debug] -----preprocess_imgs-----
[2026-01-10 17:13:12.853] [debug] -----preprocess_imgs-----
[2026-01-10 17:13:12.960] [debug] -----preprocess_imgs-----
[2026-01-10 17:13:13.061] [debug] -----preprocess_imgs-----
[2026-01-10 17:13:13.164] [debug] -----preprocess_imgs-----
[2026-01-10 17:13:13.282] [debug] -----preprocess_imgs-----
[2026-01-10 17:13:13.387] [debug] -----preprocess_imgs-----
[2026-01-10 17:13:13.490] [debug] -----preprocess_imgs-----
[2026-01-10 17:13:13.592] [debug] -----preprocess_imgs-----
[2026-01-10 17:13:13.695] [debug] -----preprocess_imgs-----
[2026-01-10 17:13:13.797] [debug] -----preprocess_imgs-----
[2026-01-10 17:13:13.897] [debug] -----preprocess_imgs-----
[2026-01-10 17:13:13.998] [debug] -----preprocess_imgs-----
[2026-01-10 17:13:14.100] [debug] -----preprocess_imgs-----
[2026-01-10 17:13:14.202] [debug] -----preprocess_imgs-----
[2026-01-10 17:13:14.312] [debug] -----preprocess_imgs-----
[2026-01-10 17:13:14.414] [debug] -----preprocess_imgs-----
[2026-01-10 17:13:14.516] [debug] -----preprocess_imgs-----
[2026-01-10 17:13:14.620] [debug] -----preprocess_imgs-----
[2026-01-10 17:13:14.736] [debug] -----preprocess_imgs-----
[2026-01-10 17:13:14.849] [debug] -----preprocess_imgs-----
[2026-01-10 17:13:14.957] [debug] -----preprocess_imgs-----
[2026-01-10 17:13:15.070] [debug] -----preprocess_imgs-----
[2026-01-10 17:13:15.128] [debug] -----preprocess_imgs-----
[2026-01-10 17:13:15.183] [debug] -----preprocess_imgs-----
[2026-01-10 17:13:15.238] [debug] -----preprocess_imgs-----
[2026-01-10 17:13:15.292] [debug] -----preprocess_imgs-----
[2026-01-10 17:13:15.345] [debug] -----preprocess_imgs-----
[2026-01-10 17:13:15.400] [debug] -----preprocess_imgs-----
[2026-01-10 17:13:15.455] [debug] -----preprocess_imgs-----
[2026-01-10 17:13:15.509] [debug] -----preprocess_imgs-----
[2026-01-10 17:13:15.542] [debug] -----preprocess_imgs-----
[2026-01-10 17:13:15.593] [debug] -----preprocess_imgs-----
[2026-01-10 17:13:15.648] [debug] -----preprocess_imgs-----
[2026-01-10 17:13:15.703] [debug] -----preprocess_imgs-----
[2026-01-10 17:13:15.757] [debug] -----preprocess_imgs-----
[2026-01-10 17:13:15.811] [debug] -----preprocess_imgs-----
[2026-01-10 17:13:15.867] [debug] -----preprocess_imgs-----
[2026-01-10 17:13:15.926] [debug] -----preprocess_imgs-----
[2026-01-10 17:13:15.994] [debug] -----preprocess_imgs-----
[2026-01-10 17:13:16.053] [debug] -----preprocess_imgs-----
[2026-01-10 17:13:16.109] [debug] -----preprocess_imgs-----
[2026-01-10 17:13:16.170] [debug] -----preprocess_imgs-----
[2026-01-10 17:13:16.237] [debug] -----preprocess_imgs-----
[2026-01-10 17:13:16.293] [debug] -----preprocess_imgs-----
[2026-01-10 17:13:16.356] [debug] -----preprocess_imgs-----
[2026-01-10 17:13:16.410] [debug] -----preprocess_imgs-----
[2026-01-10 17:13:16.473] [debug] -----preprocess_imgs-----
[2026-01-10 17:13:16.527] [debug] -----preprocess_imgs-----
[2026-01-10 17:13:16.590] [debug] -----preprocess_imgs-----
[2026-01-10 17:13:16.646] [debug] -----preprocess_imgs-----
[2026-01-10 17:13:16.709] [debug] -----preprocess_imgs-----
[2026-01-10 17:13:16.764] [debug] -----preprocess_imgs-----
[2026-01-10 17:13:16.824] [debug] -----preprocess_imgs-----
[2026-01-10 17:13:16.879] [debug] -----preprocess_imgs-----
[2026-01-10 17:13:16.941] [debug] -----preprocess_imgs-----
[2026-01-10 17:13:17.007] [debug] -----preprocess_imgs-----
[2026-01-10 17:13:17.074] [debug] -----preprocess_imgs-----
[2026-01-10 17:13:17.149] [debug] -----preprocess_imgs-----
[2026-01-10 17:13:17.213] [debug] -----preprocess_imgs-----
[2026-01-10 17:13:17.274] [debug] -----preprocess_imgs-----
[2026-01-10 17:13:17.370] [debug] -----preprocess_imgs-----
[2026-01-10 17:13:17.441] [debug] -----preprocess_imgs-----
[2026-01-10 17:13:17.514] [debug] -----preprocess_imgs-----
[2026-01-10 17:13:17.580] [debug] -----preprocess_imgs-----
[2026-01-10 17:13:17.641] [debug] -----preprocess_imgs-----
[2026-01-10 17:13:17.708] [debug] -----preprocess_imgs-----
[2026-01-10 17:13:17.743] [debug] -----preprocess_imgs-----
[2026-01-10 17:13:17.775] [debug] -----preprocess_imgs-----
[2026-01-10 17:13:17.808] [debug] -----preprocess_imgs-----
[2026-01-10 17:13:17.840] [debug