[2026-01-10 17:08:11.627] [warning] Invalid vid_pid: "MV-CS016-10UC"
[2026-01-10 17:08:11.627] [debug] -----BuffDetection环境配置中-----
[2026-01-10 17:08:11.627] [info] HikRobot's daemon thread started.
[2026-01-10 17:08:11.841] [info] HikRobot's capture thread started.
[2026-01-10 17:08:11.851] [debug] -----preprocess_imgs-----
[2026-01-10 17:08:12.205] [debug] -----preprocess_imgs-----
[2026-01-10 17:08:12.238] [debug] -----preprocess_imgs-----
[2026-01-10 17:08:12.272] [debug] -----preprocess_imgs-----
[2026-01-10 17:08:12.468] [debug] -----preprocess_imgs-----
[2026-01-10 17:08:12.531] [debug] -----preprocess_imgs-----
[2026-01-10 17:08:12.673] [debug] -----preprocess_imgs-----
[2026-01-10 17:08:12.824] [debug] -----preprocess_imgs-----
[2026-01-10 17:08:12.977] [debug] -----preprocess_imgs-----
[2026-01-10 17:08:13.137] [debug] -----preprocess_imgs-----
[2026-01-10 17:08:13.289] [debug] -----preprocess_imgs-----
[2026-01-10 17:08:13.448] [debug] -----preprocess_imgs-----
[2026-01-10 17:08:13.600] [debug] -----preprocess_imgs-----
[2026-01-10 17:08:13.759] [debug] -----preprocess_imgs-----
[2026-01-10 17:08:13.907] [debug] -----preprocess_imgs-----
[2026-01-10 17:08:14.052] [debug] -----preprocess_imgs-----
[2026-01-10 17:08:14.201] [debug] -----preprocess_imgs-----
[2026-01-10 17:08:14.350] [debug] -----preprocess_imgs-----
[2026-01-10 17:08:14.498] [debug] -----preprocess_imgs-----
[2026-01-10 17:08:14.643] [debug] -----preprocess_imgs-----
[2026-01-10 17:08:14.790] [debug] -----preprocess_imgs-----
[2026-01-10 17:08:14.936] [debug] -----preprocess_imgs-----
[2026-01-10 17:08:15.087] [debug] -----preprocess_imgs-----
[2026-01-10 17:08:15.238] [debug] -----preprocess_imgs-----
[2026-01-10 17:08:15.391] [debug] -----preprocess_imgs-----
[2026-01-10 17:08:15.544] [debug] -----preprocess_imgs-----
[2026-01-10 17:08:15.697] [debug] -----preprocess_imgs-----
[2026-01-10 17:08:15.851] [debug] -----preprocess_imgs-----
[2026-01-10 17:08:16.004] [debug] -----preprocess_imgs-----
[2026-01-10 17:08:16.153] [debug] -----preprocess_imgs-----
[2026-01-10 17:08:16.301] [debug] -----preprocess_imgs-----
[2026-01-10 17:08:16.314] [debug] -----preprocess_imgs-----
[2026-01-10 17:08:16.457] [debug] -----preprocess_imgs-----
[2026-01-10 17:08:16.613] [debug] -----preprocess_imgs-----
[2026-01-10 17:08:16.763] [debug] -----preprocess_imgs-----
[2026-01-10 17:08:16.918] [debug] -----preprocess_imgs-----
[2026-01-10 17:08:17.070] [debug] -----preprocess_imgs-----
[2026-01-10 17:08:17.227] [debug] -----preprocess_imgs-----
[2026-01-10 17:08:17.232] [debug] -----preprocess_imgs-----
[2026-01-10 17:08:17.383] [debug] -----preprocess_imgs-----
[2026-01-10 17:08:17.531] [debug] -----preprocess_imgs-----
[2026-01-10 17:08:17.682] [debug] -----preprocess_imgs-----
[2026-01-10 17:08:17.831] [debug] -----preprocess_imgs-----
[2026-01-10 17:08:17.980] [debug] -----preprocess_imgs-----
[2026-01-10 17:08:18.129] [debug] -----preprocess_imgs-----
[2026-01-10 17:08:18.279] [debug] -----preprocess_imgs-----
[2026-01-10 17:08:18.426] [debug] -----preprocess_imgs-----
[2026-01-10 17:08:18.571] [debug] -----preprocess_imgs-----
[2026-01-10 17:08:18.722] [debug] -----preprocess_imgs-----
[2026-01-10 17:08:18.872] [debug] -----preprocess_imgs-----
[2026-01-10 17:08:19.022] [debug] -----preprocess_imgs-----
[2026-01-10 17:08:19.173] [debug] -----preprocess_imgs-----
[2026-01-10 17:08:19.321] [debug] -----preprocess_imgs-----
[2026-01-10 17:08:19.471] [debug] -----preprocess_imgs-----
[2026-01-10 17:08:19.622] [debug] -----preprocess_imgs-----
[2026-01-10 17:08:19.770] [debug] -----preprocess_imgs-----
[2026-01-10 17:08:19.924] [debug] -----preprocess_imgs-----
[2026-01-10 17:08:20.085] [debug] -----preprocess_imgs-----
[2026-01-10 17:08:20.248] [debug] -----preprocess_imgs-----
[2026-01-10 17:08:20.400] [debug] -----preprocess_imgs-----
[2026-01-10 17:08:20.549] [debug] -----preprocess_imgs-----
[2026-01-10 17:08:20.697] [debug] -----preprocess_imgs-----
[2026-01-10 17:08:20.845] [debug] -----preprocess_imgs-----
[2026-01-10 17:08:20.991] [debug] -----preprocess_imgs-----
[2026-01-10 17:08:21.141] [debug] -----preprocess_imgs-----
[2026-01-10 17:08:21.286] [debug] -----preprocess_imgs-----
[2026-01-10 17:08:21.433] [debug] -----preprocess_imgs-----
[2026-01-10 17:08:21.539] [debug] -----preprocess_imgs-----
[2026-01-10 17:08:21.642] [debug] -----preprocess_imgs-----
[2026-01-10 17:08:21.701] [debug] -----preprocess_imgs-----
[2026-01-10 17:08:21.798] [debug] -----preprocess_imgs-----
[2026-01-10 17:08:21.858] [debug] -----preprocess_imgs-----
[2026-01-10 17:08:21.955] [debug] -----preprocess_imgs-----
[2026-01-10 17:08:22.011] [debug] -----preprocess_imgs-----
[2026-01-10 17:08:22.105] [debug] -----preprocess_imgs-----
[2026-01-10 17:08:22.159] [debug] -----preprocess_imgs-----
[2026-01-10 17:08:22.254] [debug] -----preprocess_imgs-----
[2026-01-10 17:08:22.312] [debug] -----preprocess_imgs-----
[2026-01-10 17:08:22.410] [debug] -----preprocess_imgs-----
[2026-01-10 17:08:22.466] [debug] -----preprocess_imgs-----
[2026-01-10 17:08:22.562] [debug] -----preprocess_imgs-----
[2026-01-10 17:08:22.616] [debug] -----preprocess_imgs-----
[2026-01-10 17:08:22.712] [debug] -----preprocess_imgs-----
[2026-01-10 17:08:22.766] [debug] -----preprocess_imgs-----
[2026-01-10 17:08:22.860] [debug] -----preprocess_imgs-----
[2026-01-10 17:08:22.915] [debug] -----preprocess_imgs-----
[2026-01-10 17:08:23.018] [debug] -----preprocess_imgs-----
[2026-01-10 17:08:23.071] [debug] -----preprocess_imgs-----
[2026-01-10 17:08:23.170] [debug] -----preprocess_imgs-----
[2026-01-10 17:08:23.224] [debug] -----preprocess_imgs-----
[2026-01-10 17:08:23.274] [debug] -----preprocess_imgs-----
[2026-01-10 17:08:23.334] [debug] -----preprocess_imgs-----
[2026-01-10 17:08:23.401] [debug] -----preprocess_imgs-----
[2026-01-10 17:08:23.470] [debug] -----preprocess_imgs-----
[2026-01-10 17:08:23.525] [debug] -----preprocess_imgs-----
[2026-01-10 17:08:23.578] [debug] -----preprocess_imgs-----
[2026-01-10 17:08:23.639] [debug] -----preprocess_imgs-----
[2026-01-10 17:08:23.694] [debug] -----preprocess_imgs-----
[2026-01-10 17:08:23.754] [debug] -----preprocess_imgs-----
[2026-01-10 17:08:23.807] [debug] -----preprocess_imgs-----
[2026-01-10 17:08:23.861] [debug] -----preprocess_imgs-----
[2026-01-10 17:08:23.922] [debug] -----preprocess_imgs-----
[2026-01-10 17:08:23.987] [debug] -----preprocess_imgs-----
[2026-01-10 17:08:24.055] [debug] -----preprocess_imgs-----
[2026-01-10 17:08:24.122] [debug] -----preprocess_imgs-----
[2026-01-10 17:08:24.189] [debug] -----preprocess_imgs-----
[2026-01-10 17:08:24.256] [debug] -----preprocess_imgs-----
[2026-01-10 17:08:24.311] [debug] -----preprocess_imgs-----
[2026-01-10 17:08:24.364] [debug] -----preprocess_imgs-----
[2026-01-10 17:08:24.418] [debug] -----preprocess_imgs-----
[2026-01-10 17:08:24.473] [debug] -----preprocess_imgs-----
[2026-01-10 17:08:24.525] [debug] -----preprocess_imgs-----
[2026-01-10 17:08:24.578] [debug] -----preprocess_imgs-----
[2026-01-10 17:08:24.639] [debug] -----preprocess_imgs-----
[2026-01-10 17:08:24.708] [debug] -----preprocess_imgs-----
[2026-01-10 17:08:24.796] [debug] -----preprocess_imgs-----
[2026-01-10 17:08:24.859] [debug] -----preprocess_imgs-----
[2026-01-10 17:08:24.921] [debug] -----preprocess_imgs-----
[2026-01-10 17:08:24.994] [debug] -----preprocess_imgs-----
[2026-01-10 17:08:25.056] [debug] -----preprocess_imgs-----
[2026-01-10 17:08:25.120] [debug] -----preprocess_imgs-----
[2026-01-10 17:08:25.174] [debug] -----preprocess_imgs-----
[2026-01-10 17:08:25.237] [debug] -----preprocess_imgs-----
[2026-01-10 17:08:25.291] [debug] -----preprocess_imgs-----
[2026-01-10 17:08:25.347] [debug] -----preprocess_imgs-----
[2026-01-10 17:08:25.400] [debug] -----preprocess_imgs-----
[2026-01-10 17:08:25.452] [debug] -----preprocess_imgs-----
[2026-01-10 17:08:25.523] [debug] -----preprocess_imgs-----
[2026-01-10 17:08:25.577] [debug] -----preprocess_imgs-----
[2026-01-10 17:08:25.635] [debug] -----preprocess_imgs-----
[2026-01-10 17:08:25.687] [debug] -----preprocess_imgs-----
[2026-01-10 17:08:25.740] [debug] -----preprocess_imgs-----
[2026-01-10 17:08:25.806] [debug] -----preprocess_imgs-----
[2026-01-10 17:08:25.859] [debug] -----preprocess_imgs-----
[2026-01-10 17:08:25.927] [debug] -----preprocess_imgs-----
[2026-01-10 17:08:25.992] [debug] -----preprocess_imgs-----
[2026-01-10 17:08:26.059] [debug] -----preprocess_imgs-----
[2026-01-10 17:08:26.125] [debug] -----preprocess_imgs-----
[2026-01-10 17:08:26.178] [debug] -----preprocess_imgs-----
[2026-01-10 17:08:26.237] [debug] -----preprocess_imgs-----
[2026-01-10 17:08:26.291] [debug] -----preprocess_imgs-----
[2026-01-10 17:08:26.356] [debug] -----preprocess_imgs-----
[2026-01-10 17:08:26.408] [debug] -----preprocess_imgs-----
[2026-01-10 17:08:26.470] [debug] -----preprocess_imgs-----
[2026-01-10 17:08:26.524] [debug] -----preprocess_imgs-----
[2026-01-10 17:08:26.577] [debug] -----preprocess_imgs-----
[2026-01-10 17:08:26.638] [debug] -----preprocess_imgs-----
[2026-01-10 17:08:26.692] [debug] -----preprocess_imgs-----
[2026-01-10 17:08:26.749] [debug] -----preprocess_imgs-----
[2026-01-10 17:08:26.856] [debug] -----preprocess_imgs-----
[2026-01-10 17:08:26.920] [debug] -----preprocess_imgs-----
[2026-01-10 17:08:27.017] [debug] -----preprocess_imgs-----
[2026-01-10 17:08:27.075] [debug] -----preprocess_imgs-----
[2026-01-10 17:08:27.172] [debug] -----preprocess_imgs-----
[2026-01-10 17:08:27.233] [debug] -----preprocess_imgs-----
[2026-01-10 17:08:27.332] [debug] -----preprocess_imgs-----
[2026-01-10 17:08:27.435] [debug] -----preprocess_imgs-----
[2026-01-10 17:08:27.538] [debug] -----preprocess_imgs-----
[2026-01-10 17:08:27.639] [debug] -----preprocess_imgs-----
[2026-01-10 17:08:27.741] [debug] -----preprocess_imgs-----
[2026-01-10 17:08:27.851] [debug] -----preprocess_imgs-----
[2026-01-10 17:08:27.954] [debug] -----preprocess_imgs-----
[2026-01-10 17:08:28.056] [debug] -----preprocess_imgs-----
[2026-01-10 17:08:28.168] [debug] -----preprocess_imgs-----
[2026-01-10 17:08:28.279] [debug] -----preprocess_imgs-----
[2026-01-10 17:08:28.386] [debug] -----preprocess_imgs-----
[2026-01-10 17:08:28.488] [debug] -----preprocess_imgs-----
[2026-01-10 17:08:28.546] [debug] -----preprocess_imgs-----
[2026-01-10 17:08:28.607] [debug] -----preprocess_imgs-----
[2026-01-10 17:08:28.670] [debug] -----preprocess_imgs-----
[2026-01-10 17:08:28.736] [debug] -----preprocess_imgs-----
[2026-01-10 17:08:28.788] [debug] -----preprocess_imgs-----
[2026-01-10 17:08:28.853] [debug] -----preprocess_imgs-----
[2026-01-10 17:08:28.913] [debug] -----preprocess_imgs-----
[2026-01-10 17:08:28.972] [debug] -----preprocess_imgs-----
[2026-01-10 17:08:29.030] [debug] -----preprocess_imgs-----
[2026-01-10 17:08:29.093] [debug] -----preprocess_imgs-----
[2026-01-10 17:08:29.158] [debug] -----preprocess_imgs-----
[2026-01-10 17:08:29.221] [debug] -----preprocess_imgs-----
[2026-01-10 17:08:29.292] [debug] -----preprocess_imgs-----
[2026-01-10 17:08:29.388] [debug] -----preprocess_imgs-----
[2026-01-10 17:08:29.483] [debug] -----preprocess_imgs-----
[2026-01-10 17:08:29.561] [debug] -----preprocess_imgs-----
[2026-01-10 17:08:29.629] [debug] -----preprocess_imgs-----
[2026-01-10 17:08:29.689] [debug] -----preprocess_imgs-----
[2026-01-10 17:08:29.724] [debug] -----preprocess_imgs-----
[2026-01-10 17:08:29.758] [debug] -----preprocess_imgs-----
[2026-01-10 17:08:29.791] [debug] -----preprocess_imgs-----
[2026-01-10 17:08:29.826] [debug] -----preprocess_imgs-----
[2026-01-10 17:08:29.860] [debug] -----preprocess_imgs-----
[2026-01-10 17:08:29.893] [debug] -----preprocess_imgs-----
[2026-01-10 17:08:29.927] [debug] -----preprocess_imgs-----
[2026-01-10 17:08:29.960] [debug] -----preprocess_imgs-----
[2026-01-10 17:08:29.993] [debug] -----preprocess_imgs-----
[2026-01-10 17:08:30.026] [debug] -----preprocess_imgs-----
[2026-01-10 17:08:30.059] [debug] -----preprocess_imgs-----
[2026-01-10 17:08:30.092] [debug] -----preprocess_imgs-----
[2026-01-10 17:08:30.127] [debug] -----preprocess_imgs-----
[2026-01-10 17:08:30.161] [debug] -----preprocess_imgs-----
[2026-01-10 17:08:30.193] [debug] -----preprocess_imgs-----
[2026-01-10 17:08:30.226] [debug] -----preprocess_imgs-----
[2026-01-10 17:08:30.258] [debug] -----preprocess_imgs-----
[2026-01-10 17:08:30.291] [debug] -----preprocess_imgs-----
[2026-01-10 17:08:30.325] [debug] -----preprocess_imgs-----
[2026-01-10 17:08:30.358] [debug] -----preproces