Determining if the function sgemm_ exists failed with the following output:
Change Dir: /home/c/rm_xz_vision26/build/CMakeFiles/CMakeTmp

Run Build Command(s):/usr/bin/gmake -f Makefile cmTC_9a325/fast && /usr/bin/gmake  -f CMakeFiles/cmTC_9a325.dir/build.make CMakeFiles/cmTC_9a325.dir/build
gmake[1]: 进入目录“/home/c/rm_xz_vision26/build/CMakeFiles/CMakeTmp”
Building C object CMakeFiles/cmTC_9a325.dir/CheckFunctionExists.c.o
/usr/bin/cc   -DCHECK_FUNCTION_EXISTS=sgemm_ -o CMakeFiles/cmTC_9a325.dir/CheckFunctionExists.c.o -c /home/c/.local/share/cmake-3.22/Modules/CheckFunctionExists.c
Linking C executable cmTC_9a325
/home/c/.local/bin/cmake -E cmake_link_script CMakeFiles/cmTC_9a325.dir/link.txt --verbose=1
/usr/bin/cc  -DCHECK_FUNCTION_EXISTS=sgemm_ CMakeFiles/cmTC_9a325.dir/CheckFunctionExists.c.o -o cmTC_9a325 
/usr/bin/ld: CMakeFiles/cmTC_9a325.dir/CheckFunctionExists.c.o: in function `main':
CheckFunctionExists.c:(.text+0x14): undefined reference to `sgemm_'
collect2: error: ld returned 1 exit status
gmake[1]: *** [CMakeFiles/cmTC_9a325.dir/build.make:99：cmTC_9a325] 错误 1
gmake[1]: 离开目录“/home/c/rm_xz_vision26/build/CMakeFiles/CMakeTmp”
gmake: *** [Makefile:127：cmTC_9a325/fast] 错误 2



Determining if the function cheev_ exists failed with the following output:
Change Dir: /home/c/rm_xz_vision26/build/CMakeFiles/CMakeTmp

Run Build Command(s):/usr/bin/gmake -f Makefile cmTC_b6b84/fast && /usr/bin/gmake  -f CMakeFiles/cmTC_b6b84.dir/build.make CMakeFiles/cmTC_b6b84.dir/build
gmake[1]: 进入目录“/home/c/rm_xz_vision26/build/CMakeFiles/CMakeTmp”
Building C object CMakeFiles/cmTC_b6b84.dir/CheckFunctionExists.c.o
/usr/bin/cc   -DCHECK_FUNCTION_EXISTS=cheev_ -o CMakeFiles/cmTC_b6b84.dir/CheckFunctionExists.c.o -c /home/c/.local/share/cmake-3.22/Modules/CheckFunctionExists.c
Linking C executable cmTC_b6b84
/home/c/.local/bin/cmake -E cmake_link_script CMakeFiles/cmTC_b6b84.dir/link.txt --verbose=1
/usr/bin/cc  -DCHECK_FUNCTION_EXISTS=cheev_ CMakeFiles/cmTC_b6b84.dir/CheckFunctionExists.c.o -o cmTC_b6b84  /usr/lib/x86_64-linux-gnu/libblas.so /usr/lib/x86_64-linux-gnu/libf77blas.so /usr/lib/x86_64-linux-gnu/libatlas.so -lm -ldl 
/usr/bin/ld: CMakeFiles/cmTC_b6b84.dir/CheckFunctionExists.c.o: in function `main':
CheckFunctionExists.c:(.text+0x14): undefined reference to `cheev_'
collect2: error: ld returned 1 exit status
gmake[1]: *** [CMakeFiles/cmTC_b6b84.dir/build.make:102：cmTC_b6b84] 错误 1
gmake[1]: 离开目录“/home/c/rm_xz_vision26/build/CMakeFiles/CMakeTmp”
gmake: *** [Makefile:127：cmTC_b6b84/fast] 错误 2



Determining if the function cheev_ exists failed with the following output:
Change Dir: /home/c/rm_xz_vision26/build/CMakeFiles/CMakeTmp

Run Build Command(s):/usr/bin/gmake -f Makefile cmTC_4bb2d/fast && /usr/bin/gmake  -f CMakeFiles/cmTC_4bb2d.dir/build.make CMakeFiles/cmTC_4bb2d.dir/build
gmake[1]: 进入目录“/home/c/rm_xz_vision26/build/CMakeFiles/CMakeTmp”
Building C object CMakeFiles/cmTC_4bb2d.dir/CheckFunctionExists.c.o
/usr/bin/cc   -DCHECK_FUNCTION_EXISTS=cheev_ -o CMakeFiles/cmTC_4bb2d.dir/CheckFunctionExists.c.o -c /home/c/.local/share/cmake-3.22/Modules/CheckFunctionExists.c
Linking C executable cmTC_4bb2d
/home/c/.local/bin/cmake -E cmake_link_script CMakeFiles/cmTC_4bb2d.dir/link.txt --verbose=1
/usr/bin/cc  -DCHECK_FUNCTION_EXISTS=cheev_ CMakeFiles/cmTC_4bb2d.dir/CheckFunctionExists.c.o -o cmTC_4bb2d  /usr/lib/x86_64-linux-gnu/liblapack.so /usr/lib/x86_64-linux-gnu/libblas.so /usr/lib/x86_64-linux-gnu/libf77blas.so /usr/lib/x86_64-linux-gnu/libatlas.so -fortranlibs 
cc: error: unrecognized command-line option ‘-fortranlibs’
gmake[1]: *** [CMakeFiles/cmTC_4bb2d.dir/build.make:103：cmTC_4bb2d] 错误 1
gmake[1]: 离开目录“/home/c/rm_xz_vision26/build/CMakeFiles/CMakeTmp”
gmake: *** [Makefile:127：cmTC_4bb2d/fast] 错误 2



